<?xml version="1.0" encoding="UTF-8"?>
<testng-results skipped="0" failed="0" ignored="0" total="2" passed="2">
  <reporter-output>
  </reporter-output>
  <suite name="Suite" duration-ms="10033" started-at="2017-10-31T13:08:45Z" finished-at="2017-10-31T13:08:55Z">
    <groups>
    </groups>
    <test name="Test" duration-ms="10033" started-at="2017-10-31T13:08:45Z" finished-at="2017-10-31T13:08:55Z">
      <class name="siteundertest.NewTest2">
        <test-method status="PASS" signature="googlesearch()[pri:0, instance:siteundertest.NewTest2@21282ed8]" name="googlesearch" duration-ms="4404" started-at="2017-10-31T18:38:51Z" finished-at="2017-10-31T18:38:55Z">
          <reporter-output>
          </reporter-output>
        </test-method> <!-- googlesearch -->
      </class> <!-- siteundertest.NewTest2 -->
      <class name="siteundertest.NewTest">
        <test-method status="PASS" signature="googlesearch()[pri:0, instance:siteundertest.NewTest@4dbb42b7]" name="googlesearch" duration-ms="5610" started-at="2017-10-31T18:38:45Z" finished-at="2017-10-31T18:38:51Z">
          <reporter-output>
          </reporter-output>
        </test-method> <!-- googlesearch -->
      </class> <!-- siteundertest.NewTest -->
    </test> <!-- Test -->
  </suite> <!-- Suite -->
</testng-results>
